INFO:     Will watch for changes in these directories: ['/Users/andrewmelbourne/devroot/deep-insight/backend']
INFO:     Uvicorn running on http://127.0.0.1:8000 (Press CTRL+C to quit)
INFO:     Started reloader process [67038] using WatchFiles
INFO:     Started server process [67117]
INFO:     Waiting for application startup.
INFO:     Application startup complete.
INFO:     127.0.0.1:52860 - "GET /health HTTP/1.1" 200 OK
INFO:     127.0.0.1:52864 - "GET / HTTP/1.1" 200 OK
WARNING:  WatchFiles detected changes in 'app/__init__.py'. Reloading...
INFO:     Shutting down
INFO:     Waiting for application shutdown.
INFO:     Application shutdown complete.
INFO:     Finished server process [67117]
INFO:     Started server process [67389]
INFO:     Waiting for application startup.
INFO:     Application startup complete.
INFO:     127.0.0.1:52900 - "GET / HTTP/1.1" 200 OK
INFO:     127.0.0.1:52900 - "GET /favicon.ico HTTP/1.1" 404 Not Found
WARNING:  WatchFiles detected changes in 'app/__init__.py'. Reloading...
INFO:     Shutting down
INFO:     Waiting for application shutdown.
INFO:     Application shutdown complete.
INFO:     Finished server process [67389]
Fatal Python error: init_sys_streams: can't initialize sys standard streams
Python runtime state: core initialized
OSError: [Errno 9] Bad file descriptor

Current thread 0x000000020b06e0c0 (most recent call first):
  <no Python frame>
WARNING:  WatchFiles detected changes in 'alembic/env.py'. Reloading...
Fatal Python error: init_sys_streams: can't initialize sys standard streams
Python runtime state: core initialized
OSError: [Errno 9] Bad file descriptor

Current thread 0x000000020b06e0c0 (most recent call first):
  <no Python frame>
WARNING:  WatchFiles detected changes in 'app/models/models.py'. Reloading...
Fatal Python error: init_sys_streams: can't initialize sys standard streams
Python runtime state: core initialized
OSError: [Errno 9] Bad file descriptor

Current thread 0x000000020b06e0c0 (most recent call first):
  <no Python frame>
WARNING:  WatchFiles detected changes in 'app/models/models.py'. Reloading...
Fatal Python error: init_sys_streams: can't initialize sys standard streams
Python runtime state: core initialized
OSError: [Errno 9] Bad file descriptor

Current thread 0x000000020b06e0c0 (most recent call first):
  <no Python frame>
WARNING:  WatchFiles detected changes in 'app/models/models.py'. Reloading...
Fatal Python error: init_sys_streams: can't initialize sys standard streams
Python runtime state: core initialized
OSError: [Errno 9] Bad file descriptor

Current thread 0x000000020b06e0c0 (most recent call first):
  <no Python frame>
WARNING:  WatchFiles detected changes in 'app/controllers/business_controller.py'. Reloading...
Fatal Python error: init_sys_streams: can't initialize sys standard streams
Python runtime state: core initialized
OSError: [Errno 9] Bad file descriptor

Current thread 0x000000020b06e0c0 (most recent call first):
  <no Python frame>
WARNING:  WatchFiles detected changes in 'app/controllers/employee_controller.py'. Reloading...
Fatal Python error: init_sys_streams: can't initialize sys standard streams
Python runtime state: core initialized
OSError: [Errno 9] Bad file descriptor

Current thread 0x000000020b06e0c0 (most recent call first):
  <no Python frame>
WARNING:  WatchFiles detected changes in 'app/controllers/question_controller.py'. Reloading...
Fatal Python error: init_sys_streams: can't initialize sys standard streams
Python runtime state: core initialized
OSError: [Errno 9] Bad file descriptor

Current thread 0x000000020b06e0c0 (most recent call first):
  <no Python frame>
WARNING:  WatchFiles detected changes in 'app/controllers/interview_controller.py'. Reloading...
Fatal Python error: init_sys_streams: can't initialize sys standard streams
Python runtime state: core initialized
OSError: [Errno 9] Bad file descriptor

Current thread 0x000000020b06e0c0 (most recent call first):
  <no Python frame>
WARNING:  WatchFiles detected changes in 'alembic/env.py'. Reloading...
Fatal Python error: init_sys_streams: can't initialize sys standard streams
Python runtime state: core initialized
OSError: [Errno 9] Bad file descriptor

Current thread 0x000000020b06e0c0 (most recent call first):
  <no Python frame>
WARNING:  WatchFiles detected changes in 'app/controllers/procedures/response_controller.py'. Reloading...
Fatal Python error: init_sys_streams: can't initialize sys standard streams
Python runtime state: core initialized
OSError: [Errno 9] Bad file descriptor

Current thread 0x000000020b06e0c0 (most recent call first):
  <no Python frame>
WARNING:  WatchFiles detected changes in 'app/controllers/response_controller.py', 'app/controllers/procedures/response_controller.py'. Reloading...
Fatal Python error: init_sys_streams: can't initialize sys standard streams
Python runtime state: core initialized
OSError: [Errno 9] Bad file descriptor

Current thread 0x000000020b06e0c0 (most recent call first):
  <no Python frame>
WARNING:  WatchFiles detected changes in 'app/controllers/procedures/start_interview_controller.py'. Reloading...
Fatal Python error: init_sys_streams: can't initialize sys standard streams
Python runtime state: core initialized
OSError: [Errno 9] Bad file descriptor

Current thread 0x000000020b06e0c0 (most recent call first):
  <no Python frame>
WARNING:  WatchFiles detected changes in 'app/controllers/procedures/answer_question_controller.py'. Reloading...
Fatal Python error: init_sys_streams: can't initialize sys standard streams
Python runtime state: core initialized
OSError: [Errno 9] Bad file descriptor

Current thread 0x000000020b06e0c0 (most recent call first):
  <no Python frame>
WARNING:  WatchFiles detected changes in 'app/controllers/procedures/simulate_interview_controller.py'. Reloading...
Fatal Python error: init_sys_streams: can't initialize sys standard streams
Python runtime state: core initialized
OSError: [Errno 9] Bad file descriptor

Current thread 0x000000020b06e0c0 (most recent call first):
  <no Python frame>
WARNING:  WatchFiles detected changes in 'app/controllers/procedures/build_wiki_controller.py'. Reloading...
Fatal Python error: init_sys_streams: can't initialize sys standard streams
Python runtime state: core initialized
OSError: [Errno 9] Bad file descriptor

Current thread 0x000000020b06e0c0 (most recent call first):
  <no Python frame>
WARNING:  WatchFiles detected changes in 'app/services/answer_question_service.py'. Reloading...
Fatal Python error: init_sys_streams: can't initialize sys standard streams
Python runtime state: core initialized
OSError: [Errno 9] Bad file descriptor

Current thread 0x000000020b06e0c0 (most recent call first):
  <no Python frame>
WARNING:  WatchFiles detected changes in 'app/services/start_interview_service.py'. Reloading...
Fatal Python error: init_sys_streams: can't initialize sys standard streams
Python runtime state: core initialized
OSError: [Errno 9] Bad file descriptor

Current thread 0x000000020b06e0c0 (most recent call first):
  <no Python frame>
WARNING:  WatchFiles detected changes in 'app/models/models.py'. Reloading...
Fatal Python error: init_sys_streams: can't initialize sys standard streams
Python runtime state: core initialized
OSError: [Errno 9] Bad file descriptor

Current thread 0x000000020b06e0c0 (most recent call first):
  <no Python frame>
WARNING:  WatchFiles detected changes in 'app/models/models.py'. Reloading...
Fatal Python error: init_sys_streams: can't initialize sys standard streams
Python runtime state: core initialized
OSError: [Errno 9] Bad file descriptor

Current thread 0x000000020b06e0c0 (most recent call first):
  <no Python frame>
WARNING:  WatchFiles detected changes in 'app/models/models.py', 'alembic/env.py'. Reloading...
Fatal Python error: init_sys_streams: can't initialize sys standard streams
Python runtime state: core initialized
OSError: [Errno 9] Bad file descriptor

Current thread 0x000000020b06e0c0 (most recent call first):
  <no Python frame>
WARNING:  WatchFiles detected changes in 'app/models/schemas.py'. Reloading...
Fatal Python error: init_sys_streams: can't initialize sys standard streams
Python runtime state: core initialized
OSError: [Errno 9] Bad file descriptor

Current thread 0x000000020b06e0c0 (most recent call first):
  <no Python frame>
WARNING:  WatchFiles detected changes in 'app/models/schemas.py'. Reloading...
Fatal Python error: init_sys_streams: can't initialize sys standard streams
Python runtime state: core initialized
OSError: [Errno 9] Bad file descriptor

Current thread 0x000000020b06e0c0 (most recent call first):
  <no Python frame>
WARNING:  WatchFiles detected changes in 'app/models/models.py'. Reloading...
Fatal Python error: init_sys_streams: can't initialize sys standard streams
Python runtime state: core initialized
OSError: [Errno 9] Bad file descriptor

Current thread 0x000000020b06e0c0 (most recent call first):
  <no Python frame>
WARNING:  WatchFiles detected changes in 'app/models/schemas.py'. Reloading...
Fatal Python error: init_sys_streams: can't initialize sys standard streams
Python runtime state: core initialized
OSError: [Errno 9] Bad file descriptor

Current thread 0x000000020b06e0c0 (most recent call first):
  <no Python frame>
WARNING:  WatchFiles detected changes in 'app/models/models.py', 'app/models/schemas.py'. Reloading...
Fatal Python error: init_sys_streams: can't initialize sys standard streams
Python runtime state: core initialized
OSError: [Errno 9] Bad file descriptor

Current thread 0x000000020b06e0c0 (most recent call first):
  <no Python frame>
WARNING:  WatchFiles detected changes in 'app/models/schemas.py'. Reloading...
Fatal Python error: init_sys_streams: can't initialize sys standard streams
Python runtime state: core initialized
OSError: [Errno 9] Bad file descriptor

Current thread 0x000000020b06e0c0 (most recent call first):
  <no Python frame>
WARNING:  WatchFiles detected changes in 'app/models/models.py'. Reloading...
Fatal Python error: init_sys_streams: can't initialize sys standard streams
Python runtime state: core initialized
OSError: [Errno 9] Bad file descriptor

Current thread 0x000000020b06e0c0 (most recent call first):
  <no Python frame>
WARNING:  WatchFiles detected changes in 'alembic/env.py'. Reloading...
Fatal Python error: init_sys_streams: can't initialize sys standard streams
Python runtime state: core initialized
OSError: [Errno 9] Bad file descriptor

Current thread 0x000000020b06e0c0 (most recent call first):
  <no Python frame>
WARNING:  WatchFiles detected changes in 'app/models/models.py', 'alembic/env.py'. Reloading...
Fatal Python error: init_sys_streams: can't initialize sys standard streams
Python runtime state: core initialized
OSError: [Errno 9] Bad file descriptor

Current thread 0x000000020b06e0c0 (most recent call first):
  <no Python frame>
WARNING:  WatchFiles detected changes in 'app/models/models.py'. Reloading...
Fatal Python error: init_sys_streams: can't initialize sys standard streams
Python runtime state: core initialized
OSError: [Errno 9] Bad file descriptor

Current thread 0x000000020b06e0c0 (most recent call first):
  <no Python frame>
WARNING:  WatchFiles detected changes in 'alembic/env.py'. Reloading...
Fatal Python error: init_sys_streams: can't initialize sys standard streams
Python runtime state: core initialized
OSError: [Errno 9] Bad file descriptor

Current thread 0x000000020b06e0c0 (most recent call first):
  <no Python frame>
WARNING:  WatchFiles detected changes in 'app/models/models.py'. Reloading...
Fatal Python error: init_sys_streams: can't initialize sys standard streams
Python runtime state: core initialized
OSError: [Errno 9] Bad file descriptor

Current thread 0x000000020b06e0c0 (most recent call first):
  <no Python frame>
WARNING:  WatchFiles detected changes in 'app/models/__init__.py'. Reloading...
Fatal Python error: init_sys_streams: can't initialize sys standard streams
Python runtime state: core initialized
OSError: [Errno 9] Bad file descriptor

Current thread 0x000000020b06e0c0 (most recent call first):
  <no Python frame>
WARNING:  WatchFiles detected changes in 'app/models/__init__.py', 'alembic/env.py', 'app/models/models.py'. Reloading...
Fatal Python error: init_sys_streams: can't initialize sys standard streams
Python runtime state: core initialized
OSError: [Errno 9] Bad file descriptor

Current thread 0x000000020b06e0c0 (most recent call first):
  <no Python frame>
WARNING:  WatchFiles detected changes in 'app/models/models.py', 'alembic/env.py', 'app/models/__init__.py'. Reloading...
Fatal Python error: init_sys_streams: can't initialize sys standard streams
Python runtime state: core initialized
OSError: [Errno 9] Bad file descriptor

Current thread 0x000000020b06e0c0 (most recent call first):
  <no Python frame>
WARNING:  WatchFiles detected changes in 'app/models/models.py'. Reloading...
Fatal Python error: init_sys_streams: can't initialize sys standard streams
Python runtime state: core initialized
OSError: [Errno 9] Bad file descriptor

Current thread 0x000000020b06e0c0 (most recent call first):
  <no Python frame>
WARNING:  WatchFiles detected changes in 'alembic/env.py'. Reloading...
Fatal Python error: init_sys_streams: can't initialize sys standard streams
Python runtime state: core initialized
OSError: [Errno 9] Bad file descriptor

Current thread 0x000000020b06e0c0 (most recent call first):
  <no Python frame>
WARNING:  WatchFiles detected changes in 'alembic/env.py'. Reloading...
Fatal Python error: init_sys_streams: can't initialize sys standard streams
Python runtime state: core initialized
OSError: [Errno 9] Bad file descriptor

Current thread 0x000000020b06e0c0 (most recent call first):
  <no Python frame>
WARNING:  WatchFiles detected changes in 'app/models/models.py'. Reloading...
Fatal Python error: init_sys_streams: can't initialize sys standard streams
Python runtime state: core initialized
OSError: [Errno 9] Bad file descriptor

Current thread 0x000000020b06e0c0 (most recent call first):
  <no Python frame>
WARNING:  WatchFiles detected changes in 'app/models/models.py'. Reloading...
Fatal Python error: init_sys_streams: can't initialize sys standard streams
Python runtime state: core initialized
OSError: [Errno 9] Bad file descriptor

Current thread 0x000000020b06e0c0 (most recent call first):
  <no Python frame>
WARNING:  WatchFiles detected changes in 'app/models/models.py', 'alembic/env.py'. Reloading...
Fatal Python error: init_sys_streams: can't initialize sys standard streams
Python runtime state: core initialized
OSError: [Errno 9] Bad file descriptor

Current thread 0x000000020b06e0c0 (most recent call first):
  <no Python frame>
WARNING:  WatchFiles detected changes in 'app/models/models.py'. Reloading...
Fatal Python error: init_sys_streams: can't initialize sys standard streams
Python runtime state: core initialized
OSError: [Errno 9] Bad file descriptor

Current thread 0x000000020b06e0c0 (most recent call first):
  <no Python frame>
WARNING:  WatchFiles detected changes in 'app/models/models.py'. Reloading...
Fatal Python error: init_sys_streams: can't initialize sys standard streams
Python runtime state: core initialized
OSError: [Errno 9] Bad file descriptor

Current thread 0x000000020b06e0c0 (most recent call first):
  <no Python frame>
WARNING:  WatchFiles detected changes in 'app/models/models.py'. Reloading...
Fatal Python error: init_sys_streams: can't initialize sys standard streams
Python runtime state: core initialized
OSError: [Errno 9] Bad file descriptor

Current thread 0x000000020b06e0c0 (most recent call first):
  <no Python frame>
WARNING:  WatchFiles detected changes in 'app/models/models.py'. Reloading...
Fatal Python error: init_sys_streams: can't initialize sys standard streams
Python runtime state: core initialized
OSError: [Errno 9] Bad file descriptor

Current thread 0x000000020b06e0c0 (most recent call first):
  <no Python frame>
WARNING:  WatchFiles detected changes in 'app/models/models.py'. Reloading...
Fatal Python error: init_sys_streams: can't initialize sys standard streams
Python runtime state: core initialized
OSError: [Errno 9] Bad file descriptor

Current thread 0x000000020b06e0c0 (most recent call first):
  <no Python frame>
WARNING:  WatchFiles detected changes in 'app/models/models.py'. Reloading...
Fatal Python error: init_sys_streams: can't initialize sys standard streams
Python runtime state: core initialized
OSError: [Errno 9] Bad file descriptor

Current thread 0x000000020b06e0c0 (most recent call first):
  <no Python frame>
WARNING:  WatchFiles detected changes in 'app/models/models.py'. Reloading...
Fatal Python error: init_sys_streams: can't initialize sys standard streams
Python runtime state: core initialized
OSError: [Errno 9] Bad file descriptor

Current thread 0x000000020b06e0c0 (most recent call first):
  <no Python frame>
WARNING:  WatchFiles detected changes in 'app/db.py'. Reloading...
Fatal Python error: init_sys_streams: can't initialize sys standard streams
Python runtime state: core initialized
OSError: [Errno 9] Bad file descriptor

Current thread 0x000000020b06e0c0 (most recent call first):
  <no Python frame>
WARNING:  WatchFiles detected changes in 'app/controllers/business_controller.py'. Reloading...
Fatal Python error: init_sys_streams: can't initialize sys standard streams
Python runtime state: core initialized
OSError: [Errno 9] Bad file descriptor

Current thread 0x000000020b06e0c0 (most recent call first):
  <no Python frame>
WARNING:  WatchFiles detected changes in 'app/controllers/employee_controller.py'. Reloading...
Fatal Python error: init_sys_streams: can't initialize sys standard streams
Python runtime state: core initialized
OSError: [Errno 9] Bad file descriptor

Current thread 0x000000020b06e0c0 (most recent call first):
  <no Python frame>
WARNING:  WatchFiles detected changes in 'app/controllers/question_controller.py'. Reloading...
Fatal Python error: init_sys_streams: can't initialize sys standard streams
Python runtime state: core initialized
OSError: [Errno 9] Bad file descriptor

Current thread 0x000000020b06e0c0 (most recent call first):
  <no Python frame>
WARNING:  WatchFiles detected changes in 'app/controllers/interview_controller.py'. Reloading...
Fatal Python error: init_sys_streams: can't initialize sys standard streams
Python runtime state: core initialized
OSError: [Errno 9] Bad file descriptor

Current thread 0x000000020b06e0c0 (most recent call first):
  <no Python frame>
WARNING:  WatchFiles detected changes in 'app/controllers/response_controller.py'. Reloading...
Fatal Python error: init_sys_streams: can't initialize sys standard streams
Python runtime state: core initialized
OSError: [Errno 9] Bad file descriptor

Current thread 0x000000020b06e0c0 (most recent call first):
  <no Python frame>
WARNING:  WatchFiles detected changes in 'app/main.py'. Reloading...
Fatal Python error: init_sys_streams: can't initialize sys standard streams
Python runtime state: core initialized
OSError: [Errno 9] Bad file descriptor

Current thread 0x000000020b06e0c0 (most recent call first):
  <no Python frame>
WARNING:  WatchFiles detected changes in 'app/db.py', 'app/controllers/employee_controller.py', 'app/controllers/business_controller.py', 'app/controllers/interview_controller.py', 'app/controllers/question_controller.py'. Reloading...
Fatal Python error: init_sys_streams: can't initialize sys standard streams
Python runtime state: core initialized
OSError: [Errno 9] Bad file descriptor

Current thread 0x000000020b06e0c0 (most recent call first):
  <no Python frame>
WARNING:  WatchFiles detected changes in 'app/main.py', 'app/controllers/response_controller.py'. Reloading...
Fatal Python error: init_sys_streams: can't initialize sys standard streams
Python runtime state: core initialized
OSError: [Errno 9] Bad file descriptor

Current thread 0x000000020b06e0c0 (most recent call first):
  <no Python frame>
WARNING:  WatchFiles detected changes in 'app/models/models.py'. Reloading...
Fatal Python error: init_sys_streams: can't initialize sys standard streams
Python runtime state: core initialized
OSError: [Errno 9] Bad file descriptor

Current thread 0x000000020b06e0c0 (most recent call first):
  <no Python frame>
WARNING:  WatchFiles detected changes in 'app/models/models.py'. Reloading...
Fatal Python error: init_sys_streams: can't initialize sys standard streams
Python runtime state: core initialized
OSError: [Errno 9] Bad file descriptor

Current thread 0x000000020b06e0c0 (most recent call first):
  <no Python frame>
WARNING:  WatchFiles detected changes in 'app/models/models.py'. Reloading...
Fatal Python error: init_sys_streams: can't initialize sys standard streams
Python runtime state: core initialized
OSError: [Errno 9] Bad file descriptor

Current thread 0x000000020b06e0c0 (most recent call first):
  <no Python frame>
WARNING:  WatchFiles detected changes in 'app/models/models.py'. Reloading...
Fatal Python error: init_sys_streams: can't initialize sys standard streams
Python runtime state: core initialized
OSError: [Errno 9] Bad file descriptor

Current thread 0x000000020b06e0c0 (most recent call first):
  <no Python frame>
WARNING:  WatchFiles detected changes in 'app/models/models.py'. Reloading...
Fatal Python error: init_sys_streams: can't initialize sys standard streams
Python runtime state: core initialized
OSError: [Errno 9] Bad file descriptor

Current thread 0x000000020b06e0c0 (most recent call first):
  <no Python frame>
WARNING:  WatchFiles detected changes in 'app/models/models.py'. Reloading...
Fatal Python error: init_sys_streams: can't initialize sys standard streams
Python runtime state: core initialized
OSError: [Errno 9] Bad file descriptor

Current thread 0x000000020b06e0c0 (most recent call first):
  <no Python frame>
WARNING:  WatchFiles detected changes in 'app/db.py'. Reloading...
Fatal Python error: init_sys_streams: can't initialize sys standard streams
Python runtime state: core initialized
OSError: [Errno 9] Bad file descriptor

Current thread 0x000000020b06e0c0 (most recent call first):
  <no Python frame>
WARNING:  WatchFiles detected changes in 'alembic/versions/df0dfffeea17_initial_model.py'. Reloading...
Fatal Python error: init_sys_streams: can't initialize sys standard streams
Python runtime state: core initialized
OSError: [Errno 9] Bad file descriptor

Current thread 0x000000020b06e0c0 (most recent call first):
  <no Python frame>
WARNING:  WatchFiles detected changes in 'alembic/versions/df0dfffeea17_initial_model.py'. Reloading...
Fatal Python error: init_sys_streams: can't initialize sys standard streams
Python runtime state: core initialized
OSError: [Errno 9] Bad file descriptor

Current thread 0x000000020b06e0c0 (most recent call first):
  <no Python frame>
WARNING:  WatchFiles detected changes in 'app/services/schemas/answer_question_schema.py'. Reloading...
Fatal Python error: init_sys_streams: can't initialize sys standard streams
Python runtime state: core initialized
OSError: [Errno 9] Bad file descriptor

Current thread 0x000000020b06e0c0 (most recent call first):
  <no Python frame>
WARNING:  WatchFiles detected changes in 'app/services/schemas/start_interview_schema.py'. Reloading...
Fatal Python error: init_sys_streams: can't initialize sys standard streams
Python runtime state: core initialized
OSError: [Errno 9] Bad file descriptor

Current thread 0x000000020b06e0c0 (most recent call first):
  <no Python frame>
WARNING:  WatchFiles detected changes in 'app/services/next_question_service.py'. Reloading...
Fatal Python error: init_sys_streams: can't initialize sys standard streams
Python runtime state: core initialized
OSError: [Errno 9] Bad file descriptor

Current thread 0x000000020b06e0c0 (most recent call first):
  <no Python frame>
WARNING:  WatchFiles detected changes in 'app/services/schemas/next_question_schema.py'. Reloading...
Fatal Python error: init_sys_streams: can't initialize sys standard streams
Python runtime state: core initialized
OSError: [Errno 9] Bad file descriptor

Current thread 0x000000020b06e0c0 (most recent call first):
  <no Python frame>
WARNING:  WatchFiles detected changes in 'app/services/schemas/start_interview_schema.py'. Reloading...
Fatal Python error: init_sys_streams: can't initialize sys standard streams
Python runtime state: core initialized
OSError: [Errno 9] Bad file descriptor

Current thread 0x000000020b06e0c0 (most recent call first):
  <no Python frame>
WARNING:  WatchFiles detected changes in 'app/services/schemas/next_question_schema.py'. Reloading...
Fatal Python error: init_sys_streams: can't initialize sys standard streams
Python runtime state: core initialized
OSError: [Errno 9] Bad file descriptor

Current thread 0x000000020b06e0c0 (most recent call first):
  <no Python frame>
WARNING:  WatchFiles detected changes in 'app/services/schemas/answer_question_schema.py'. Reloading...
Fatal Python error: init_sys_streams: can't initialize sys standard streams
Python runtime state: core initialized
OSError: [Errno 9] Bad file descriptor

Current thread 0x000000020b06e0c0 (most recent call first):
  <no Python frame>
WARNING:  WatchFiles detected changes in 'app/services/schemas/next_question_schema.py', 'app/services/schemas/answer_question_schema.py', 'app/services/schemas/start_interview_schema.py'. Reloading...
Fatal Python error: init_sys_streams: can't initialize sys standard streams
Python runtime state: core initialized
OSError: [Errno 9] Bad file descriptor

Current thread 0x000000020b06e0c0 (most recent call first):
  <no Python frame>
WARNING:  WatchFiles detected changes in 'app/services/schemas/schema.py'. Reloading...
Fatal Python error: init_sys_streams: can't initialize sys standard streams
Python runtime state: core initialized
OSError: [Errno 9] Bad file descriptor

Current thread 0x000000020b06e0c0 (most recent call first):
  <no Python frame>
WARNING:  WatchFiles detected changes in 'app/services/schemas/start_interview_schema.py'. Reloading...
Fatal Python error: init_sys_streams: can't initialize sys standard streams
Python runtime state: core initialized
OSError: [Errno 9] Bad file descriptor

Current thread 0x000000020b06e0c0 (most recent call first):
  <no Python frame>
WARNING:  WatchFiles detected changes in 'app/services/schemas/next_question_schema.py'. Reloading...
Fatal Python error: init_sys_streams: can't initialize sys standard streams
Python runtime state: core initialized
OSError: [Errno 9] Bad file descriptor

Current thread 0x000000020b06e0c0 (most recent call first):
  <no Python frame>
WARNING:  WatchFiles detected changes in 'app/services/schemas/answer_question_schema.py'. Reloading...
Fatal Python error: init_sys_streams: can't initialize sys standard streams
Python runtime state: core initialized
OSError: [Errno 9] Bad file descriptor

Current thread 0x000000020b06e0c0 (most recent call first):
  <no Python frame>
WARNING:  WatchFiles detected changes in 'app/services/schemas/schema.py'. Reloading...
Fatal Python error: init_sys_streams: can't initialize sys standard streams
Python runtime state: core initialized
OSError: [Errno 9] Bad file descriptor

Current thread 0x000000020b06e0c0 (most recent call first):
  <no Python frame>
WARNING:  WatchFiles detected changes in 'app/services/schemas/schema.py'. Reloading...
Fatal Python error: init_sys_streams: can't initialize sys standard streams
Python runtime state: core initialized
OSError: [Errno 9] Bad file descriptor

Current thread 0x000000020b06e0c0 (most recent call first):
  <no Python frame>
WARNING:  WatchFiles detected changes in 'app/services/schemas/schema.py'. Reloading...
Fatal Python error: init_sys_streams: can't initialize sys standard streams
Python runtime state: core initialized
OSError: [Errno 9] Bad file descriptor

Current thread 0x000000020b06e0c0 (most recent call first):
  <no Python frame>
WARNING:  WatchFiles detected changes in 'app/services/schemas/schema.py'. Reloading...
Fatal Python error: init_sys_streams: can't initialize sys standard streams
Python runtime state: core initialized
OSError: [Errno 9] Bad file descriptor

Current thread 0x000000020b06e0c0 (most recent call first):
  <no Python frame>
WARNING:  WatchFiles detected changes in 'app/services/schemas/schema.py'. Reloading...
Fatal Python error: init_sys_streams: can't initialize sys standard streams
Python runtime state: core initialized
OSError: [Errno 9] Bad file descriptor

Current thread 0x000000020b06e0c0 (most recent call first):
  <no Python frame>
WARNING:  WatchFiles detected changes in 'app/main.py'. Reloading...
Fatal Python error: init_sys_streams: can't initialize sys standard streams
Python runtime state: core initialized
OSError: [Errno 9] Bad file descriptor

Current thread 0x000000020b06e0c0 (most recent call first):
  <no Python frame>
WARNING:  WatchFiles detected changes in 'app/main.py'. Reloading...
Fatal Python error: init_sys_streams: can't initialize sys standard streams
Python runtime state: core initialized
OSError: [Errno 9] Bad file descriptor

Current thread 0x000000020b06e0c0 (most recent call first):
  <no Python frame>
WARNING:  WatchFiles detected changes in 'app/main.py'. Reloading...
Fatal Python error: init_sys_streams: can't initialize sys standard streams
Python runtime state: core initialized
OSError: [Errno 9] Bad file descriptor

Current thread 0x000000020b06e0c0 (most recent call first):
  <no Python frame>
WARNING:  WatchFiles detected changes in 'app/controllers/business_controller.py'. Reloading...
Fatal Python error: init_sys_streams: can't initialize sys standard streams
Python runtime state: core initialized
OSError: [Errno 9] Bad file descriptor

Current thread 0x000000020b06e0c0 (most recent call first):
  <no Python frame>
WARNING:  WatchFiles detected changes in 'app/controllers/business_controller.py'. Reloading...
Fatal Python error: init_sys_streams: can't initialize sys standard streams
Python runtime state: core initialized
OSError: [Errno 9] Bad file descriptor

Current thread 0x000000020b06e0c0 (most recent call first):
  <no Python frame>
WARNING:  WatchFiles detected changes in 'app/main.py'. Reloading...
Fatal Python error: init_sys_streams: can't initialize sys standard streams
Python runtime state: core initialized
OSError: [Errno 9] Bad file descriptor

Current thread 0x000000020b06e0c0 (most recent call first):
  <no Python frame>
WARNING:  WatchFiles detected changes in 'app/controllers/business_controller.py'. Reloading...
Fatal Python error: init_sys_streams: can't initialize sys standard streams
Python runtime state: core initialized
OSError: [Errno 9] Bad file descriptor

Current thread 0x000000020b06e0c0 (most recent call first):
  <no Python frame>
WARNING:  WatchFiles detected changes in 'app/controllers/business_controller.py'. Reloading...
Fatal Python error: init_sys_streams: can't initialize sys standard streams
Python runtime state: core initialized
OSError: [Errno 9] Bad file descriptor

Current thread 0x000000020b06e0c0 (most recent call first):
  <no Python frame>
WARNING:  WatchFiles detected changes in 'app/controllers/business_controller.py'. Reloading...
Fatal Python error: init_sys_streams: can't initialize sys standard streams
Python runtime state: core initialized
OSError: [Errno 9] Bad file descriptor

Current thread 0x000000020b06e0c0 (most recent call first):
  <no Python frame>
WARNING:  WatchFiles detected changes in 'app/controllers/business_controller.py'. Reloading...
Fatal Python error: init_sys_streams: can't initialize sys standard streams
Python runtime state: core initialized
OSError: [Errno 9] Bad file descriptor

Current thread 0x000000020b06e0c0 (most recent call first):
  <no Python frame>
WARNING:  WatchFiles detected changes in 'app/controllers/business_controller.py'. Reloading...
Fatal Python error: init_sys_streams: can't initialize sys standard streams
Python runtime state: core initialized
OSError: [Errno 9] Bad file descriptor

Current thread 0x000000020b06e0c0 (most recent call first):
  <no Python frame>
WARNING:  WatchFiles detected changes in 'app/controllers/business_controller.py'. Reloading...
Fatal Python error: init_sys_streams: can't initialize sys standard streams
Python runtime state: core initialized
OSError: [Errno 9] Bad file descriptor

Current thread 0x000000020b06e0c0 (most recent call first):
  <no Python frame>
WARNING:  WatchFiles detected changes in 'app/controllers/employee_controller.py'. Reloading...
Fatal Python error: init_sys_streams: can't initialize sys standard streams
Python runtime state: core initialized
OSError: [Errno 9] Bad file descriptor

Current thread 0x000000020b06e0c0 (most recent call first):
  <no Python frame>
WARNING:  WatchFiles detected changes in 'app/controllers/question_controller.py'. Reloading...
Fatal Python error: init_sys_streams: can't initialize sys standard streams
Python runtime state: core initialized
OSError: [Errno 9] Bad file descriptor

Current thread 0x000000020b06e0c0 (most recent call first):
  <no Python frame>
WARNING:  WatchFiles detected changes in 'app/controllers/response_controller.py'. Reloading...
Fatal Python error: init_sys_streams: can't initialize sys standard streams
Python runtime state: core initialized
OSError: [Errno 9] Bad file descriptor

Current thread 0x000000020b06e0c0 (most recent call first):
  <no Python frame>
WARNING:  WatchFiles detected changes in 'app/controllers/question_controller.py', 'app/controllers/employee_controller.py', 'app/controllers/response_controller.py'. Reloading...
Fatal Python error: init_sys_streams: can't initialize sys standard streams
Python runtime state: core initialized
OSError: [Errno 9] Bad file descriptor

Current thread 0x000000020b06e0c0 (most recent call first):
  <no Python frame>
WARNING:  WatchFiles detected changes in 'app/controllers/employee_controller.py'. Reloading...
Fatal Python error: init_sys_streams: can't initialize sys standard streams
Python runtime state: core initialized
OSError: [Errno 9] Bad file descriptor

Current thread 0x000000020b06e0c0 (most recent call first):
  <no Python frame>
WARNING:  WatchFiles detected changes in 'app/controllers/interview_controller.py', 'app/controllers/question_controller.py'. Reloading...
Fatal Python error: init_sys_streams: can't initialize sys standard streams
Python runtime state: core initialized
OSError: [Errno 9] Bad file descriptor

Current thread 0x000000020b06e0c0 (most recent call first):
  <no Python frame>
WARNING:  WatchFiles detected changes in 'app/controllers/response_controller.py'. Reloading...
Fatal Python error: init_sys_streams: can't initialize sys standard streams
Python runtime state: core initialized
OSError: [Errno 9] Bad file descriptor

Current thread 0x000000020b06e0c0 (most recent call first):
  <no Python frame>
WARNING:  WatchFiles detected changes in 'app/controllers/interview_controller.py'. Reloading...
Fatal Python error: init_sys_streams: can't initialize sys standard streams
Python runtime state: core initialized
OSError: [Errno 9] Bad file descriptor

Current thread 0x000000020b06e0c0 (most recent call first):
  <no Python frame>
WARNING:  WatchFiles detected changes in 'app/controllers/interview_controller.py'. Reloading...
Fatal Python error: init_sys_streams: can't initialize sys standard streams
Python runtime state: core initialized
OSError: [Errno 9] Bad file descriptor

Current thread 0x000000020b06e0c0 (most recent call first):
  <no Python frame>
WARNING:  WatchFiles detected changes in 'app/services/schemas/schema.py'. Reloading...
Fatal Python error: init_sys_streams: can't initialize sys standard streams
Python runtime state: core initialized
OSError: [Errno 9] Bad file descriptor

Current thread 0x000000020b06e0c0 (most recent call first):
  <no Python frame>
WARNING:  WatchFiles detected changes in 'app/services/schemas/schema.py'. Reloading...
Fatal Python error: init_sys_streams: can't initialize sys standard streams
Python runtime state: core initialized
OSError: [Errno 9] Bad file descriptor

Current thread 0x000000020b06e0c0 (most recent call first):
  <no Python frame>
WARNING:  WatchFiles detected changes in 'app/controllers/business_controller.py'. Reloading...
Fatal Python error: init_sys_streams: can't initialize sys standard streams
Python runtime state: core initialized
OSError: [Errno 9] Bad file descriptor

Current thread 0x000000020b06e0c0 (most recent call first):
  <no Python frame>
WARNING:  WatchFiles detected changes in 'app/controllers/business_controller.py'. Reloading...
Fatal Python error: init_sys_streams: can't initialize sys standard streams
Python runtime state: core initialized
OSError: [Errno 9] Bad file descriptor

Current thread 0x000000020b06e0c0 (most recent call first):
  <no Python frame>
WARNING:  WatchFiles detected changes in 'app/controllers/business_controller.py', 'app/services/schemas/schema.py'. Reloading...
Fatal Python error: init_sys_streams: can't initialize sys standard streams
Python runtime state: core initialized
OSError: [Errno 9] Bad file descriptor

Current thread 0x000000020b06e0c0 (most recent call first):
  <no Python frame>
INFO:     Stopping reloader process [67038]
